Plugins:
Bundled analyzers:
  - Clean as You Code 2.6.0.3665 (cayc)
  - IaC Code Quality and Security 2.6.1.19203 (iac)
  - Text Code Quality and Security 2.41.0.10709 (text)
Global server settings:
  - sonar.azureresourcemanager.file.suffixes=.bicep
  - sonar.core.id=147B411E-AZ139XUV9kKTviow2vzd
  - sonar.core.startTime=2026-04-10T18:14:27+0300
  - sonar.cs.file.suffixes=.cs,.razor
  - sonar.css.file.suffixes=.css,.less,.scss,.sass
  - sonar.docker.file.patterns=*.dockerfile,Dockerfile,dockerfile
  - sonar.flex.file.suffixes=as
  - sonar.forceAuthentication=true
  - sonar.go.file.suffixes=.go
  - sonar.html.file.suffixes=.html,.xhtml,.cshtml,.vbhtml,.aspx,.ascx,.rhtml,.erb,.shtm,.shtml,.cmp,.twig,.htm
  - sonar.ipynb.file.suffixes=ipynb
  - sonar.java.file.suffixes=.java,.jav
  - sonar.java.jvmframeworkconfig.file.patterns=**/src/main/resources/**/*app*.properties,**/src/main/resources/**/*app*.yaml,**/src/main/resources/**/*app*.yml
  - sonar.javascript.file.suffixes=.js,.jsx,.cjs,.mjs,.vue
  - sonar.json.file.suffixes=.json
  - sonar.jsp.file.suffixes=.jsp,.jspf,.jspx
  - sonar.kotlin.file.suffixes=.kt,.kts
  - sonar.multi-quality-mode.enabled=true
  - sonar.php.file.suffixes=php,php3,php4,php5,phtml,inc
  - sonar.python.file.suffixes=py
  - sonar.qualityProfiles.allowDisableInheritedRules=true
  - sonar.ruby.file.suffixes=.rb
  - sonar.rust.file.suffixes=.rs
  - sonar.scala.file.suffixes=.scala
  - sonar.terraform.file.suffixes=.tf
  - sonar.typescript.file.suffixes=.ts,.tsx,.cts,.mts
  - sonar.vbnet.file.suffixes=.vb
  - sonar.xml.file.suffixes=.xml,.xsd,.xsl,.config
  - sonar.yaml.file.suffixes=.yaml,.yml
Project server settings:
  - sonar.azureresourcemanager.file.suffixes=.bicep
  - sonar.cs.file.suffixes=.cs,.razor
  - sonar.css.file.suffixes=.css,.less,.scss,.sass
  - sonar.docker.file.patterns=*.dockerfile,Dockerfile,dockerfile
  - sonar.flex.file.suffixes=as
  - sonar.go.file.suffixes=.go
  - sonar.html.file.suffixes=.html,.xhtml,.cshtml,.vbhtml,.aspx,.ascx,.rhtml,.erb,.shtm,.shtml,.cmp,.twig,.htm
  - sonar.ipynb.file.suffixes=ipynb
  - sonar.java.file.suffixes=.java,.jav
  - sonar.java.jvmframeworkconfig.file.patterns=**/src/main/resources/**/*app*.properties,**/src/main/resources/**/*app*.yaml,**/src/main/resources/**/*app*.yml
  - sonar.javascript.file.suffixes=.js,.jsx,.cjs,.mjs,.vue
  - sonar.json.file.suffixes=.json
  - sonar.jsp.file.suffixes=.jsp,.jspf,.jspx
  - sonar.kotlin.file.suffixes=.kt,.kts
  - sonar.php.file.suffixes=php,php3,php4,php5,phtml,inc
  - sonar.python.file.suffixes=py
  - sonar.ruby.file.suffixes=.rb
  - sonar.rust.file.suffixes=.rs
  - sonar.scala.file.suffixes=.scala
  - sonar.terraform.file.suffixes=.tf
  - sonar.typescript.file.suffixes=.ts,.tsx,.cts,.mts
  - sonar.vbnet.file.suffixes=.vb
  - sonar.xml.file.suffixes=.xml,.xsd,.xsl,.config
  - sonar.yaml.file.suffixes=.yaml,.yml
Project scanner properties:
  - sonar.host.url=http://localhost:9000
  - sonar.java.binaries=/Users/gamaung/Desktop/UAS/2nd year/SoftwareEngineering2/Shopping_Card_Localization/target/classes
  - sonar.java.libraries=/Users/gamaung/.m2/repository/org/openjfx/javafx-controls/17.0.10/javafx-controls-17.0.10.jar,/Users/gamaung/.m2/repository/org/openjfx/javafx-controls/17.0.10/javafx-controls-17.0.10-mac-aarch64.jar,/Users/gamaung/.m2/repository/org/openjfx/javafx-graphics/17.0.10/javafx-graphics-17.0.10.jar,/Users/gamaung/.m2/repository/org/openjfx/javafx-graphics/17.0.10/javafx-graphics-17.0.10-mac-aarch64.jar,/Users/gamaung/.m2/repository/org/openjfx/javafx-base/17.0.10/javafx-base-17.0.10.jar,/Users/gamaung/.m2/repository/org/openjfx/javafx-base/17.0.10/javafx-base-17.0.10-mac-aarch64.jar,/Users/gamaung/.m2/repository/org/openjfx/javafx-fxml/17.0.10/javafx-fxml-17.0.10.jar,/Users/gamaung/.m2/repository/org/openjfx/javafx-fxml/17.0.10/javafx-fxml-17.0.10-mac-aarch64.jar,/Users/gamaung/.m2/repository/org/mariadb/jdbc/mariadb-java-client/3.4.1/mariadb-java-client-3.4.1.jar,/Users/gamaung/.m2/repository/com/github/waffle/waffle-jna/3.3.0/waffle-jna-3.3.0.jar,/Users/gamaung/.m2/repository/net/java/d...
  - sonar.java.source=8
  - sonar.login=******
  - sonar.projectBaseDir=/Users/gamaung/Desktop/UAS/2nd year/SoftwareEngineering2/Shopping_Card_Localization
  - sonar.projectKey=SonarAnalyzer:Shopping_Card_Localization
  - sonar.scanner.app=Intellij Sonar plugin
  - sonar.scanner.appVersion=0.2.2
  - sonar.sourceEncoding=UTF-8
  - sonar.sources=/Users/gamaung/Desktop/UAS/2nd year/SoftwareEngineering2/Shopping_Card_Localization/src/main/java,/Users/gamaung/Desktop/UAS/2nd year/SoftwareEngineering2/Shopping_Card_Localization/src/main/resources,/Users/gamaung/Desktop/UAS/2nd year/SoftwareEngineering2/Shopping_Card_Localization/target/generated-sources/annotations
  - sonar.tests=
  - sonar.working.directory=/Users/gamaung/Desktop/UAS/2nd year/SoftwareEngineering2/Shopping_Card_Localization/.idea/SonarAnalyzer/.scannerwork
